Kokkos::OpenMP::initialize WARNING: OMP_PROC_BIND environment variable not set
  In general, for best performance with OpenMP 4.0 or better set OMP_PROC_BIND=spread and OMP_PLACES=threads
  For best performance with OpenMP 3.1 set OMP_PROC_BIND=true
  For unit testing set OMP_PROC_BIND=false
Samples 100000
Histogram ( 0 ) (CORRECT) = 994 and (Kokkos) 994
Histogram ( 1 ) (CORRECT) = 966 and (Kokkos) 966
Histogram ( 2 ) (CORRECT) = 1013 and (Kokkos) 1013
Histogram ( 3 ) (CORRECT) = 1044 and (Kokkos) 1044
Histogram ( 4 ) (CORRECT) = 1017 and (Kokkos) 1017
Histogram ( 5 ) (CORRECT) = 989 and (Kokkos) 989
Histogram ( 6 ) (CORRECT) = 1003 and (Kokkos) 1003
Histogram ( 7 ) (CORRECT) = 987 and (Kokkos) 987
Histogram ( 8 ) (CORRECT) = 1018 and (Kokkos) 1018
Histogram ( 9 ) (CORRECT) = 994 and (Kokkos) 994
Histogram ( 10 ) (CORRECT) = 995 and (Kokkos) 995
Histogram ( 11 ) (CORRECT) = 992 and (Kokkos) 992
Histogram ( 12 ) (CORRECT) = 1019 and (Kokkos) 1019
Histogram ( 13 ) (CORRECT) = 991 and (Kokkos) 991
Histogram ( 14 ) (CORRECT) = 975 and (Kokkos) 975
Histogram ( 15 ) (CORRECT) = 1035 and (Kokkos) 1035
Histogram ( 16 ) (CORRECT) = 954 and (Kokkos) 954
Histogram ( 17 ) (CORRECT) = 959 and (Kokkos) 959
Histogram ( 18 ) (CORRECT) = 989 and (Kokkos) 989
Histogram ( 19 ) (CORRECT) = 985 and (Kokkos) 985
Histogram ( 20 ) (CORRECT) = 978 and (Kokkos) 978
Histogram ( 21 ) (CORRECT) = 983 and (Kokkos) 983
Histogram ( 22 ) (CORRECT) = 1020 and (Kokkos) 1020
Histogram ( 23 ) (CORRECT) = 962 and (Kokkos) 962
Histogram ( 24 ) (CORRECT) = 971 and (Kokkos) 971
Histogram ( 25 ) (CORRECT) = 983 and (Kokkos) 983
Histogram ( 26 ) (CORRECT) = 1051 and (Kokkos) 1051
Histogram ( 27 ) (CORRECT) = 1000 and (Kokkos) 1000
Histogram ( 28 ) (CORRECT) = 960 and (Kokkos) 960
Histogram ( 29 ) (CORRECT) = 992 and (Kokkos) 992
Histogram ( 30 ) (CORRECT) = 1034 and (Kokkos) 1034
Histogram ( 31 ) (CORRECT) = 1013 and (Kokkos) 1013
Histogram ( 32 ) (CORRECT) = 1006 and (Kokkos) 1006
Histogram ( 33 ) (CORRECT) = 983 and (Kokkos) 983
Histogram ( 34 ) (CORRECT) = 967 and (Kokkos) 967
Histogram ( 35 ) (CORRECT) = 992 and (Kokkos) 992
Histogram ( 36 ) (CORRECT) = 987 and (Kokkos) 987
Histogram ( 37 ) (CORRECT) = 993 and (Kokkos) 993
Histogram ( 38 ) (CORRECT) = 974 and (Kokkos) 974
Histogram ( 39 ) (CORRECT) = 1018 and (Kokkos) 1018
Histogram ( 40 ) (CORRECT) = 1019 and (Kokkos) 1019
Histogram ( 41 ) (CORRECT) = 1001 and (Kokkos) 1001
Histogram ( 42 ) (CORRECT) = 1019 and (Kokkos) 1019
Histogram ( 43 ) (CORRECT) = 1017 and (Kokkos) 1017
Histogram ( 44 ) (CORRECT) = 1023 and (Kokkos) 1023
Histogram ( 45 ) (CORRECT) = 950 and (Kokkos) 950
Histogram ( 46 ) (CORRECT) = 1019 and (Kokkos) 1019
Histogram ( 47 ) (CORRECT) = 939 and (Kokkos) 939
Histogram ( 48 ) (CORRECT) = 1023 and (Kokkos) 1023
Histogram ( 49 ) (CORRECT) = 1013 and (Kokkos) 1013
Histogram ( 50 ) (CORRECT) = 1012 and (Kokkos) 1012
Histogram ( 51 ) (CORRECT) = 1015 and (Kokkos) 1015
Histogram ( 52 ) (CORRECT) = 1000 and (Kokkos) 1000
Histogram ( 53 ) (CORRECT) = 1018 and (Kokkos) 1018
Histogram ( 54 ) (CORRECT) = 1029 and (Kokkos) 1029
Histogram ( 55 ) (CORRECT) = 1010 and (Kokkos) 1010
Histogram ( 56 ) (CORRECT) = 970 and (Kokkos) 970
Histogram ( 57 ) (CORRECT) = 990 and (Kokkos) 990
Histogram ( 58 ) (CORRECT) = 1017 and (Kokkos) 1017
Histogram ( 59 ) (CORRECT) = 1066 and (Kokkos) 1066
Histogram ( 60 ) (CORRECT) = 961 and (Kokkos) 961
Histogram ( 61 ) (CORRECT) = 1026 and (Kokkos) 1026
Histogram ( 62 ) (CORRECT) = 1022 and (Kokkos) 1022
Histogram ( 63 ) (CORRECT) = 1001 and (Kokkos) 1001
Histogram ( 64 ) (CORRECT) = 995 and (Kokkos) 995
Histogram ( 65 ) (CORRECT) = 1029 and (Kokkos) 1029
Histogram ( 66 ) (CORRECT) = 969 and (Kokkos) 969
Histogram ( 67 ) (CORRECT) = 1003 and (Kokkos) 1003
Histogram ( 68 ) (CORRECT) = 952 and (Kokkos) 952
Histogram ( 69 ) (CORRECT) = 975 and (Kokkos) 975
Histogram ( 70 ) (CORRECT) = 1008 and (Kokkos) 1008
Histogram ( 71 ) (CORRECT) = 974 and (Kokkos) 974
Histogram ( 72 ) (CORRECT) = 996 and (Kokkos) 996
Histogram ( 73 ) (CORRECT) = 1023 and (Kokkos) 1023
Histogram ( 74 ) (CORRECT) = 966 and (Kokkos) 966
Histogram ( 75 ) (CORRECT) = 1012 and (Kokkos) 1012
Histogram ( 76 ) (CORRECT) = 1004 and (Kokkos) 1004
Histogram ( 77 ) (CORRECT) = 1033 and (Kokkos) 1033
Histogram ( 78 ) (CORRECT) = 977 and (Kokkos) 977
Histogram ( 79 ) (CORRECT) = 1000 and (Kokkos) 1000
Histogram ( 80 ) (CORRECT) = 1054 and (Kokkos) 1054
Histogram ( 81 ) (CORRECT) = 1029 and (Kokkos) 1029
Histogram ( 82 ) (CORRECT) = 924 and (Kokkos) 924
Histogram ( 83 ) (CORRECT) = 946 and (Kokkos) 946
Histogram ( 84 ) (CORRECT) = 1033 and (Kokkos) 1033
Histogram ( 85 ) (CORRECT) = 1005 and (Kokkos) 1005
Histogram ( 86 ) (CORRECT) = 1039 and (Kokkos) 1039
Histogram ( 87 ) (CORRECT) = 1003 and (Kokkos) 1003
Histogram ( 88 ) (CORRECT) = 1046 and (Kokkos) 1046
Histogram ( 89 ) (CORRECT) = 1050 and (Kokkos) 1050
Histogram ( 90 ) (CORRECT) = 1036 and (Kokkos) 1036
Histogram ( 91 ) (CORRECT) = 985 and (Kokkos) 985
Histogram ( 92 ) (CORRECT) = 992 and (Kokkos) 992
Histogram ( 93 ) (CORRECT) = 990 and (Kokkos) 990
Histogram ( 94 ) (CORRECT) = 964 and (Kokkos) 964
Histogram ( 95 ) (CORRECT) = 1020 and (Kokkos) 1020
Histogram ( 96 ) (CORRECT) = 1023 and (Kokkos) 1023
Histogram ( 97 ) (CORRECT) = 980 and (Kokkos) 980
Histogram ( 98 ) (CORRECT) = 1013 and (Kokkos) 1013
Histogram ( 99 ) (CORRECT) = 1006 and (Kokkos) 1006
