Kokkos::OpenMP::initialize WARNING: OMP_PROC_BIND environment variable not set
  In general, for best performance with OpenMP 4.0 or better set OMP_PROC_BIND=spread and OMP_PLACES=threads
  For best performance with OpenMP 3.1 set OMP_PROC_BIND=true
  For unit testing set OMP_PROC_BIND=false
Samples 100000
Histogram ( 0 ) (CORRECT) = 1001 and (Kokkos) 1001
Histogram ( 1 ) (CORRECT) = 1004 and (Kokkos) 1004
Histogram ( 2 ) (CORRECT) = 982 and (Kokkos) 982
Histogram ( 3 ) (CORRECT) = 1010 and (Kokkos) 1010
Histogram ( 4 ) (CORRECT) = 948 and (Kokkos) 948
Histogram ( 5 ) (CORRECT) = 1057 and (Kokkos) 1057
Histogram ( 6 ) (CORRECT) = 1013 and (Kokkos) 1013
Histogram ( 7 ) (CORRECT) = 990 and (Kokkos) 990
Histogram ( 8 ) (CORRECT) = 1002 and (Kokkos) 1002
Histogram ( 9 ) (CORRECT) = 1013 and (Kokkos) 1013
Histogram ( 10 ) (CORRECT) = 1002 and (Kokkos) 1002
Histogram ( 11 ) (CORRECT) = 1044 and (Kokkos) 1044
Histogram ( 12 ) (CORRECT) = 1009 and (Kokkos) 1009
Histogram ( 13 ) (CORRECT) = 981 and (Kokkos) 981
Histogram ( 14 ) (CORRECT) = 1026 and (Kokkos) 1026
Histogram ( 15 ) (CORRECT) = 1019 and (Kokkos) 1019
Histogram ( 16 ) (CORRECT) = 1001 and (Kokkos) 1001
Histogram ( 17 ) (CORRECT) = 1001 and (Kokkos) 1001
Histogram ( 18 ) (CORRECT) = 1026 and (Kokkos) 1026
Histogram ( 19 ) (CORRECT) = 990 and (Kokkos) 990
Histogram ( 20 ) (CORRECT) = 1012 and (Kokkos) 1012
Histogram ( 21 ) (CORRECT) = 990 and (Kokkos) 990
Histogram ( 22 ) (CORRECT) = 1018 and (Kokkos) 1018
Histogram ( 23 ) (CORRECT) = 1035 and (Kokkos) 1035
Histogram ( 24 ) (CORRECT) = 960 and (Kokkos) 960
Histogram ( 25 ) (CORRECT) = 1018 and (Kokkos) 1018
Histogram ( 26 ) (CORRECT) = 1025 and (Kokkos) 1025
Histogram ( 27 ) (CORRECT) = 971 and (Kokkos) 971
Histogram ( 28 ) (CORRECT) = 997 and (Kokkos) 997
Histogram ( 29 ) (CORRECT) = 1041 and (Kokkos) 1041
Histogram ( 30 ) (CORRECT) = 1001 and (Kokkos) 1001
Histogram ( 31 ) (CORRECT) = 1005 and (Kokkos) 1005
Histogram ( 32 ) (CORRECT) = 962 and (Kokkos) 962
Histogram ( 33 ) (CORRECT) = 960 and (Kokkos) 960
Histogram ( 34 ) (CORRECT) = 957 and (Kokkos) 957
Histogram ( 35 ) (CORRECT) = 949 and (Kokkos) 949
Histogram ( 36 ) (CORRECT) = 946 and (Kokkos) 946
Histogram ( 37 ) (CORRECT) = 930 and (Kokkos) 930
Histogram ( 38 ) (CORRECT) = 965 and (Kokkos) 965
Histogram ( 39 ) (CORRECT) = 1017 and (Kokkos) 1017
Histogram ( 40 ) (CORRECT) = 1000 and (Kokkos) 1000
Histogram ( 41 ) (CORRECT) = 1036 and (Kokkos) 1036
Histogram ( 42 ) (CORRECT) = 1082 and (Kokkos) 1082
Histogram ( 43 ) (CORRECT) = 980 and (Kokkos) 980
Histogram ( 44 ) (CORRECT) = 985 and (Kokkos) 985
Histogram ( 45 ) (CORRECT) = 1008 and (Kokkos) 1008
Histogram ( 46 ) (CORRECT) = 972 and (Kokkos) 972
Histogram ( 47 ) (CORRECT) = 965 and (Kokkos) 965
Histogram ( 48 ) (CORRECT) = 972 and (Kokkos) 972
Histogram ( 49 ) (CORRECT) = 1004 and (Kokkos) 1004
Histogram ( 50 ) (CORRECT) = 1023 and (Kokkos) 1023
Histogram ( 51 ) (CORRECT) = 1010 and (Kokkos) 1010
Histogram ( 52 ) (CORRECT) = 966 and (Kokkos) 966
Histogram ( 53 ) (CORRECT) = 1006 and (Kokkos) 1006
Histogram ( 54 ) (CORRECT) = 1011 and (Kokkos) 1011
Histogram ( 55 ) (CORRECT) = 1079 and (Kokkos) 1079
Histogram ( 56 ) (CORRECT) = 1043 and (Kokkos) 1043
Histogram ( 57 ) (CORRECT) = 970 and (Kokkos) 970
Histogram ( 58 ) (CORRECT) = 981 and (Kokkos) 981
Histogram ( 59 ) (CORRECT) = 1026 and (Kokkos) 1026
Histogram ( 60 ) (CORRECT) = 1043 and (Kokkos) 1043
Histogram ( 61 ) (CORRECT) = 957 and (Kokkos) 957
Histogram ( 62 ) (CORRECT) = 1046 and (Kokkos) 1046
Histogram ( 63 ) (CORRECT) = 1022 and (Kokkos) 1022
Histogram ( 64 ) (CORRECT) = 966 and (Kokkos) 966
Histogram ( 65 ) (CORRECT) = 980 and (Kokkos) 980
Histogram ( 66 ) (CORRECT) = 992 and (Kokkos) 992
Histogram ( 67 ) (CORRECT) = 971 and (Kokkos) 971
Histogram ( 68 ) (CORRECT) = 968 and (Kokkos) 968
Histogram ( 69 ) (CORRECT) = 986 and (Kokkos) 986
Histogram ( 70 ) (CORRECT) = 1021 and (Kokkos) 1021
Histogram ( 71 ) (CORRECT) = 1026 and (Kokkos) 1026
Histogram ( 72 ) (CORRECT) = 998 and (Kokkos) 998
Histogram ( 73 ) (CORRECT) = 984 and (Kokkos) 984
Histogram ( 74 ) (CORRECT) = 947 and (Kokkos) 947
Histogram ( 75 ) (CORRECT) = 1041 and (Kokkos) 1041
Histogram ( 76 ) (CORRECT) = 943 and (Kokkos) 943
Histogram ( 77 ) (CORRECT) = 995 and (Kokkos) 995
Histogram ( 78 ) (CORRECT) = 1004 and (Kokkos) 1004
Histogram ( 79 ) (CORRECT) = 1034 and (Kokkos) 1034
Histogram ( 80 ) (CORRECT) = 985 and (Kokkos) 985
Histogram ( 81 ) (CORRECT) = 948 and (Kokkos) 948
Histogram ( 82 ) (CORRECT) = 1019 and (Kokkos) 1019
Histogram ( 83 ) (CORRECT) = 1067 and (Kokkos) 1067
Histogram ( 84 ) (CORRECT) = 1020 and (Kokkos) 1020
Histogram ( 85 ) (CORRECT) = 1008 and (Kokkos) 1008
Histogram ( 86 ) (CORRECT) = 1023 and (Kokkos) 1023
Histogram ( 87 ) (CORRECT) = 965 and (Kokkos) 965
Histogram ( 88 ) (CORRECT) = 1010 and (Kokkos) 1010
Histogram ( 89 ) (CORRECT) = 998 and (Kokkos) 998
Histogram ( 90 ) (CORRECT) = 1010 and (Kokkos) 1010
Histogram ( 91 ) (CORRECT) = 1034 and (Kokkos) 1034
Histogram ( 92 ) (CORRECT) = 1004 and (Kokkos) 1004
Histogram ( 93 ) (CORRECT) = 972 and (Kokkos) 972
Histogram ( 94 ) (CORRECT) = 980 and (Kokkos) 980
Histogram ( 95 ) (CORRECT) = 1035 and (Kokkos) 1035
Histogram ( 96 ) (CORRECT) = 985 and (Kokkos) 985
Histogram ( 97 ) (CORRECT) = 972 and (Kokkos) 972
Histogram ( 98 ) (CORRECT) = 1033 and (Kokkos) 1033
Histogram ( 99 ) (CORRECT) = 1011 and (Kokkos) 1011
