Kokkos::OpenMP::initialize WARNING: OMP_PROC_BIND environment variable not set
  In general, for best performance with OpenMP 4.0 or better set OMP_PROC_BIND=spread and OMP_PLACES=threads
  For best performance with OpenMP 3.1 set OMP_PROC_BIND=true
  For unit testing set OMP_PROC_BIND=false
Samples 100000
Histogram ( 0 ) (CORRECT) = 985 and (Kokkos) 985
Histogram ( 1 ) (CORRECT) = 948 and (Kokkos) 948
Histogram ( 2 ) (CORRECT) = 1022 and (Kokkos) 1022
Histogram ( 3 ) (CORRECT) = 942 and (Kokkos) 942
Histogram ( 4 ) (CORRECT) = 1055 and (Kokkos) 1055
Histogram ( 5 ) (CORRECT) = 1033 and (Kokkos) 1033
Histogram ( 6 ) (CORRECT) = 944 and (Kokkos) 944
Histogram ( 7 ) (CORRECT) = 975 and (Kokkos) 975
Histogram ( 8 ) (CORRECT) = 1031 and (Kokkos) 1031
Histogram ( 9 ) (CORRECT) = 1048 and (Kokkos) 1048
Histogram ( 10 ) (CORRECT) = 966 and (Kokkos) 966
Histogram ( 11 ) (CORRECT) = 1006 and (Kokkos) 1006
Histogram ( 12 ) (CORRECT) = 965 and (Kokkos) 965
Histogram ( 13 ) (CORRECT) = 965 and (Kokkos) 965
Histogram ( 14 ) (CORRECT) = 1032 and (Kokkos) 1032
Histogram ( 15 ) (CORRECT) = 1072 and (Kokkos) 1072
Histogram ( 16 ) (CORRECT) = 1076 and (Kokkos) 1076
Histogram ( 17 ) (CORRECT) = 1076 and (Kokkos) 1076
Histogram ( 18 ) (CORRECT) = 1001 and (Kokkos) 1001
Histogram ( 19 ) (CORRECT) = 1014 and (Kokkos) 1014
Histogram ( 20 ) (CORRECT) = 988 and (Kokkos) 988
Histogram ( 21 ) (CORRECT) = 994 and (Kokkos) 994
Histogram ( 22 ) (CORRECT) = 1010 and (Kokkos) 1010
Histogram ( 23 ) (CORRECT) = 986 and (Kokkos) 986
Histogram ( 24 ) (CORRECT) = 993 and (Kokkos) 993
Histogram ( 25 ) (CORRECT) = 981 and (Kokkos) 981
Histogram ( 26 ) (CORRECT) = 979 and (Kokkos) 979
Histogram ( 27 ) (CORRECT) = 998 and (Kokkos) 998
Histogram ( 28 ) (CORRECT) = 1002 and (Kokkos) 1002
Histogram ( 29 ) (CORRECT) = 975 and (Kokkos) 975
Histogram ( 30 ) (CORRECT) = 977 and (Kokkos) 977
Histogram ( 31 ) (CORRECT) = 1019 and (Kokkos) 1019
Histogram ( 32 ) (CORRECT) = 956 and (Kokkos) 956
Histogram ( 33 ) (CORRECT) = 1008 and (Kokkos) 1008
Histogram ( 34 ) (CORRECT) = 983 and (Kokkos) 983
Histogram ( 35 ) (CORRECT) = 1000 and (Kokkos) 1000
Histogram ( 36 ) (CORRECT) = 1011 and (Kokkos) 1011
Histogram ( 37 ) (CORRECT) = 1012 and (Kokkos) 1012
Histogram ( 38 ) (CORRECT) = 1064 and (Kokkos) 1064
Histogram ( 39 ) (CORRECT) = 982 and (Kokkos) 982
Histogram ( 40 ) (CORRECT) = 960 and (Kokkos) 960
Histogram ( 41 ) (CORRECT) = 990 and (Kokkos) 990
Histogram ( 42 ) (CORRECT) = 990 and (Kokkos) 990
Histogram ( 43 ) (CORRECT) = 983 and (Kokkos) 983
Histogram ( 44 ) (CORRECT) = 1019 and (Kokkos) 1019
Histogram ( 45 ) (CORRECT) = 955 and (Kokkos) 955
Histogram ( 46 ) (CORRECT) = 1056 and (Kokkos) 1056
Histogram ( 47 ) (CORRECT) = 1020 and (Kokkos) 1020
Histogram ( 48 ) (CORRECT) = 999 and (Kokkos) 999
Histogram ( 49 ) (CORRECT) = 1014 and (Kokkos) 1014
Histogram ( 50 ) (CORRECT) = 999 and (Kokkos) 999
Histogram ( 51 ) (CORRECT) = 1034 and (Kokkos) 1034
Histogram ( 52 ) (CORRECT) = 1032 and (Kokkos) 1032
Histogram ( 53 ) (CORRECT) = 1022 and (Kokkos) 1022
Histogram ( 54 ) (CORRECT) = 1006 and (Kokkos) 1006
Histogram ( 55 ) (CORRECT) = 1009 and (Kokkos) 1009
Histogram ( 56 ) (CORRECT) = 996 and (Kokkos) 996
Histogram ( 57 ) (CORRECT) = 1051 and (Kokkos) 1051
Histogram ( 58 ) (CORRECT) = 1008 and (Kokkos) 1008
Histogram ( 59 ) (CORRECT) = 1022 and (Kokkos) 1022
Histogram ( 60 ) (CORRECT) = 1028 and (Kokkos) 1028
Histogram ( 61 ) (CORRECT) = 970 and (Kokkos) 970
Histogram ( 62 ) (CORRECT) = 990 and (Kokkos) 990
Histogram ( 63 ) (CORRECT) = 989 and (Kokkos) 989
Histogram ( 64 ) (CORRECT) = 974 and (Kokkos) 974
Histogram ( 65 ) (CORRECT) = 1002 and (Kokkos) 1002
Histogram ( 66 ) (CORRECT) = 927 and (Kokkos) 927
Histogram ( 67 ) (CORRECT) = 963 and (Kokkos) 963
Histogram ( 68 ) (CORRECT) = 981 and (Kokkos) 981
Histogram ( 69 ) (CORRECT) = 980 and (Kokkos) 980
Histogram ( 70 ) (CORRECT) = 1037 and (Kokkos) 1037
Histogram ( 71 ) (CORRECT) = 966 and (Kokkos) 966
Histogram ( 72 ) (CORRECT) = 1029 and (Kokkos) 1029
Histogram ( 73 ) (CORRECT) = 980 and (Kokkos) 980
Histogram ( 74 ) (CORRECT) = 983 and (Kokkos) 983
Histogram ( 75 ) (CORRECT) = 976 and (Kokkos) 976
Histogram ( 76 ) (CORRECT) = 1001 and (Kokkos) 1001
Histogram ( 77 ) (CORRECT) = 1024 and (Kokkos) 1024
Histogram ( 78 ) (CORRECT) = 960 and (Kokkos) 960
Histogram ( 79 ) (CORRECT) = 991 and (Kokkos) 991
Histogram ( 80 ) (CORRECT) = 998 and (Kokkos) 998
Histogram ( 81 ) (CORRECT) = 999 and (Kokkos) 999
Histogram ( 82 ) (CORRECT) = 1018 and (Kokkos) 1018
Histogram ( 83 ) (CORRECT) = 962 and (Kokkos) 962
Histogram ( 84 ) (CORRECT) = 1001 and (Kokkos) 1001
Histogram ( 85 ) (CORRECT) = 1018 and (Kokkos) 1018
Histogram ( 86 ) (CORRECT) = 981 and (Kokkos) 981
Histogram ( 87 ) (CORRECT) = 990 and (Kokkos) 990
Histogram ( 88 ) (CORRECT) = 995 and (Kokkos) 995
Histogram ( 89 ) (CORRECT) = 1006 and (Kokkos) 1006
Histogram ( 90 ) (CORRECT) = 940 and (Kokkos) 940
Histogram ( 91 ) (CORRECT) = 1058 and (Kokkos) 1058
Histogram ( 92 ) (CORRECT) = 974 and (Kokkos) 974
Histogram ( 93 ) (CORRECT) = 1024 and (Kokkos) 1024
Histogram ( 94 ) (CORRECT) = 969 and (Kokkos) 969
Histogram ( 95 ) (CORRECT) = 1011 and (Kokkos) 1011
Histogram ( 96 ) (CORRECT) = 1038 and (Kokkos) 1038
Histogram ( 97 ) (CORRECT) = 1007 and (Kokkos) 1007
Histogram ( 98 ) (CORRECT) = 1011 and (Kokkos) 1011
Histogram ( 99 ) (CORRECT) = 1010 and (Kokkos) 1010
