Kokkos::OpenMP::initialize WARNING: OMP_PROC_BIND environment variable not set
  In general, for best performance with OpenMP 4.0 or better set OMP_PROC_BIND=spread and OMP_PLACES=threads
  For best performance with OpenMP 3.1 set OMP_PROC_BIND=true
  For unit testing set OMP_PROC_BIND=false
Samples 100000
Histogram ( 0 ) (CORRECT) = 976 and (Kokkos) 976
Histogram ( 1 ) (CORRECT) = 1047 and (Kokkos) 1047
Histogram ( 2 ) (CORRECT) = 988 and (Kokkos) 988
Histogram ( 3 ) (CORRECT) = 1025 and (Kokkos) 1025
Histogram ( 4 ) (CORRECT) = 998 and (Kokkos) 998
Histogram ( 5 ) (CORRECT) = 1003 and (Kokkos) 1003
Histogram ( 6 ) (CORRECT) = 1010 and (Kokkos) 1010
Histogram ( 7 ) (CORRECT) = 973 and (Kokkos) 973
Histogram ( 8 ) (CORRECT) = 984 and (Kokkos) 984
Histogram ( 9 ) (CORRECT) = 928 and (Kokkos) 928
Histogram ( 10 ) (CORRECT) = 1004 and (Kokkos) 1004
Histogram ( 11 ) (CORRECT) = 1032 and (Kokkos) 1032
Histogram ( 12 ) (CORRECT) = 998 and (Kokkos) 998
Histogram ( 13 ) (CORRECT) = 996 and (Kokkos) 996
Histogram ( 14 ) (CORRECT) = 998 and (Kokkos) 998
Histogram ( 15 ) (CORRECT) = 1033 and (Kokkos) 1033
Histogram ( 16 ) (CORRECT) = 973 and (Kokkos) 973
Histogram ( 17 ) (CORRECT) = 1045 and (Kokkos) 1045
Histogram ( 18 ) (CORRECT) = 1042 and (Kokkos) 1042
Histogram ( 19 ) (CORRECT) = 987 and (Kokkos) 987
Histogram ( 20 ) (CORRECT) = 947 and (Kokkos) 947
Histogram ( 21 ) (CORRECT) = 982 and (Kokkos) 982
Histogram ( 22 ) (CORRECT) = 978 and (Kokkos) 978
Histogram ( 23 ) (CORRECT) = 994 and (Kokkos) 994
Histogram ( 24 ) (CORRECT) = 964 and (Kokkos) 964
Histogram ( 25 ) (CORRECT) = 1006 and (Kokkos) 1006
Histogram ( 26 ) (CORRECT) = 974 and (Kokkos) 974
Histogram ( 27 ) (CORRECT) = 995 and (Kokkos) 995
Histogram ( 28 ) (CORRECT) = 1024 and (Kokkos) 1024
Histogram ( 29 ) (CORRECT) = 969 and (Kokkos) 969
Histogram ( 30 ) (CORRECT) = 999 and (Kokkos) 999
Histogram ( 31 ) (CORRECT) = 1003 and (Kokkos) 1003
Histogram ( 32 ) (CORRECT) = 1008 and (Kokkos) 1008
Histogram ( 33 ) (CORRECT) = 1019 and (Kokkos) 1019
Histogram ( 34 ) (CORRECT) = 1029 and (Kokkos) 1029
Histogram ( 35 ) (CORRECT) = 1000 and (Kokkos) 1000
Histogram ( 36 ) (CORRECT) = 1034 and (Kokkos) 1034
Histogram ( 37 ) (CORRECT) = 1036 and (Kokkos) 1036
Histogram ( 38 ) (CORRECT) = 906 and (Kokkos) 906
Histogram ( 39 ) (CORRECT) = 1048 and (Kokkos) 1048
Histogram ( 40 ) (CORRECT) = 995 and (Kokkos) 995
Histogram ( 41 ) (CORRECT) = 981 and (Kokkos) 981
Histogram ( 42 ) (CORRECT) = 969 and (Kokkos) 969
Histogram ( 43 ) (CORRECT) = 1041 and (Kokkos) 1041
Histogram ( 44 ) (CORRECT) = 959 and (Kokkos) 959
Histogram ( 45 ) (CORRECT) = 1017 and (Kokkos) 1017
Histogram ( 46 ) (CORRECT) = 986 and (Kokkos) 986
Histogram ( 47 ) (CORRECT) = 1016 and (Kokkos) 1016
Histogram ( 48 ) (CORRECT) = 1035 and (Kokkos) 1035
Histogram ( 49 ) (CORRECT) = 1029 and (Kokkos) 1029
Histogram ( 50 ) (CORRECT) = 1019 and (Kokkos) 1019
Histogram ( 51 ) (CORRECT) = 970 and (Kokkos) 970
Histogram ( 52 ) (CORRECT) = 980 and (Kokkos) 980
Histogram ( 53 ) (CORRECT) = 1023 and (Kokkos) 1023
Histogram ( 54 ) (CORRECT) = 983 and (Kokkos) 983
Histogram ( 55 ) (CORRECT) = 982 and (Kokkos) 982
Histogram ( 56 ) (CORRECT) = 976 and (Kokkos) 976
Histogram ( 57 ) (CORRECT) = 954 and (Kokkos) 954
Histogram ( 58 ) (CORRECT) = 1001 and (Kokkos) 1001
Histogram ( 59 ) (CORRECT) = 978 and (Kokkos) 978
Histogram ( 60 ) (CORRECT) = 1012 and (Kokkos) 1012
Histogram ( 61 ) (CORRECT) = 978 and (Kokkos) 978
Histogram ( 62 ) (CORRECT) = 949 and (Kokkos) 949
Histogram ( 63 ) (CORRECT) = 1025 and (Kokkos) 1025
Histogram ( 64 ) (CORRECT) = 1020 and (Kokkos) 1020
Histogram ( 65 ) (CORRECT) = 1051 and (Kokkos) 1051
Histogram ( 66 ) (CORRECT) = 982 and (Kokkos) 982
Histogram ( 67 ) (CORRECT) = 1020 and (Kokkos) 1020
Histogram ( 68 ) (CORRECT) = 1005 and (Kokkos) 1005
Histogram ( 69 ) (CORRECT) = 1016 and (Kokkos) 1016
Histogram ( 70 ) (CORRECT) = 1015 and (Kokkos) 1015
Histogram ( 71 ) (CORRECT) = 969 and (Kokkos) 969
Histogram ( 72 ) (CORRECT) = 971 and (Kokkos) 971
Histogram ( 73 ) (CORRECT) = 1016 and (Kokkos) 1016
Histogram ( 74 ) (CORRECT) = 1012 and (Kokkos) 1012
Histogram ( 75 ) (CORRECT) = 1012 and (Kokkos) 1012
Histogram ( 76 ) (CORRECT) = 1049 and (Kokkos) 1049
Histogram ( 77 ) (CORRECT) = 964 and (Kokkos) 964
Histogram ( 78 ) (CORRECT) = 1011 and (Kokkos) 1011
Histogram ( 79 ) (CORRECT) = 1002 and (Kokkos) 1002
Histogram ( 80 ) (CORRECT) = 1001 and (Kokkos) 1001
Histogram ( 81 ) (CORRECT) = 1002 and (Kokkos) 1002
Histogram ( 82 ) (CORRECT) = 988 and (Kokkos) 988
Histogram ( 83 ) (CORRECT) = 1003 and (Kokkos) 1003
Histogram ( 84 ) (CORRECT) = 978 and (Kokkos) 978
Histogram ( 85 ) (CORRECT) = 1048 and (Kokkos) 1048
Histogram ( 86 ) (CORRECT) = 1047 and (Kokkos) 1047
Histogram ( 87 ) (CORRECT) = 1023 and (Kokkos) 1023
Histogram ( 88 ) (CORRECT) = 986 and (Kokkos) 986
Histogram ( 89 ) (CORRECT) = 1008 and (Kokkos) 1008
Histogram ( 90 ) (CORRECT) = 1007 and (Kokkos) 1007
Histogram ( 91 ) (CORRECT) = 1024 and (Kokkos) 1024
Histogram ( 92 ) (CORRECT) = 1009 and (Kokkos) 1009
Histogram ( 93 ) (CORRECT) = 1013 and (Kokkos) 1013
Histogram ( 94 ) (CORRECT) = 935 and (Kokkos) 935
Histogram ( 95 ) (CORRECT) = 1043 and (Kokkos) 1043
Histogram ( 96 ) (CORRECT) = 981 and (Kokkos) 981
Histogram ( 97 ) (CORRECT) = 974 and (Kokkos) 974
Histogram ( 98 ) (CORRECT) = 974 and (Kokkos) 974
Histogram ( 99 ) (CORRECT) = 1028 and (Kokkos) 1028
