Kokkos::OpenMP::initialize WARNING: OMP_PROC_BIND environment variable not set
  In general, for best performance with OpenMP 4.0 or better set OMP_PROC_BIND=spread and OMP_PLACES=threads
  For best performance with OpenMP 3.1 set OMP_PROC_BIND=true
  For unit testing set OMP_PROC_BIND=false
Samples 100000
Histogram ( 0 ) (CORRECT) = 1007 and (Kokkos) 1007
Histogram ( 1 ) (CORRECT) = 1001 and (Kokkos) 1001
Histogram ( 2 ) (CORRECT) = 1010 and (Kokkos) 1010
Histogram ( 3 ) (CORRECT) = 953 and (Kokkos) 953
Histogram ( 4 ) (CORRECT) = 1003 and (Kokkos) 1003
Histogram ( 5 ) (CORRECT) = 1029 and (Kokkos) 1029
Histogram ( 6 ) (CORRECT) = 979 and (Kokkos) 979
Histogram ( 7 ) (CORRECT) = 1029 and (Kokkos) 1029
Histogram ( 8 ) (CORRECT) = 945 and (Kokkos) 945
Histogram ( 9 ) (CORRECT) = 959 and (Kokkos) 959
Histogram ( 10 ) (CORRECT) = 1011 and (Kokkos) 1011
Histogram ( 11 ) (CORRECT) = 999 and (Kokkos) 999
Histogram ( 12 ) (CORRECT) = 1023 and (Kokkos) 1023
Histogram ( 13 ) (CORRECT) = 1089 and (Kokkos) 1089
Histogram ( 14 ) (CORRECT) = 1022 and (Kokkos) 1022
Histogram ( 15 ) (CORRECT) = 968 and (Kokkos) 968
Histogram ( 16 ) (CORRECT) = 985 and (Kokkos) 985
Histogram ( 17 ) (CORRECT) = 1018 and (Kokkos) 1018
Histogram ( 18 ) (CORRECT) = 1013 and (Kokkos) 1013
Histogram ( 19 ) (CORRECT) = 982 and (Kokkos) 982
Histogram ( 20 ) (CORRECT) = 1018 and (Kokkos) 1018
Histogram ( 21 ) (CORRECT) = 1084 and (Kokkos) 1084
Histogram ( 22 ) (CORRECT) = 1042 and (Kokkos) 1042
Histogram ( 23 ) (CORRECT) = 1058 and (Kokkos) 1058
Histogram ( 24 ) (CORRECT) = 1058 and (Kokkos) 1058
Histogram ( 25 ) (CORRECT) = 982 and (Kokkos) 982
Histogram ( 26 ) (CORRECT) = 1037 and (Kokkos) 1037
Histogram ( 27 ) (CORRECT) = 989 and (Kokkos) 989
Histogram ( 28 ) (CORRECT) = 1012 and (Kokkos) 1012
Histogram ( 29 ) (CORRECT) = 1054 and (Kokkos) 1054
Histogram ( 30 ) (CORRECT) = 979 and (Kokkos) 979
Histogram ( 31 ) (CORRECT) = 987 and (Kokkos) 987
Histogram ( 32 ) (CORRECT) = 1047 and (Kokkos) 1047
Histogram ( 33 ) (CORRECT) = 966 and (Kokkos) 966
Histogram ( 34 ) (CORRECT) = 1034 and (Kokkos) 1034
Histogram ( 35 ) (CORRECT) = 987 and (Kokkos) 987
Histogram ( 36 ) (CORRECT) = 980 and (Kokkos) 980
Histogram ( 37 ) (CORRECT) = 1018 and (Kokkos) 1018
Histogram ( 38 ) (CORRECT) = 1037 and (Kokkos) 1037
Histogram ( 39 ) (CORRECT) = 986 and (Kokkos) 986
Histogram ( 40 ) (CORRECT) = 1054 and (Kokkos) 1054
Histogram ( 41 ) (CORRECT) = 977 and (Kokkos) 977
Histogram ( 42 ) (CORRECT) = 1046 and (Kokkos) 1046
Histogram ( 43 ) (CORRECT) = 986 and (Kokkos) 986
Histogram ( 44 ) (CORRECT) = 987 and (Kokkos) 987
Histogram ( 45 ) (CORRECT) = 1001 and (Kokkos) 1001
Histogram ( 46 ) (CORRECT) = 1015 and (Kokkos) 1015
Histogram ( 47 ) (CORRECT) = 930 and (Kokkos) 930
Histogram ( 48 ) (CORRECT) = 969 and (Kokkos) 969
Histogram ( 49 ) (CORRECT) = 1011 and (Kokkos) 1011
Histogram ( 50 ) (CORRECT) = 997 and (Kokkos) 997
Histogram ( 51 ) (CORRECT) = 994 and (Kokkos) 994
Histogram ( 52 ) (CORRECT) = 947 and (Kokkos) 947
Histogram ( 53 ) (CORRECT) = 996 and (Kokkos) 996
Histogram ( 54 ) (CORRECT) = 977 and (Kokkos) 977
Histogram ( 55 ) (CORRECT) = 967 and (Kokkos) 967
Histogram ( 56 ) (CORRECT) = 961 and (Kokkos) 961
Histogram ( 57 ) (CORRECT) = 1042 and (Kokkos) 1042
Histogram ( 58 ) (CORRECT) = 1024 and (Kokkos) 1024
Histogram ( 59 ) (CORRECT) = 1009 and (Kokkos) 1009
Histogram ( 60 ) (CORRECT) = 978 and (Kokkos) 978
Histogram ( 61 ) (CORRECT) = 917 and (Kokkos) 917
Histogram ( 62 ) (CORRECT) = 965 and (Kokkos) 965
Histogram ( 63 ) (CORRECT) = 1024 and (Kokkos) 1024
Histogram ( 64 ) (CORRECT) = 1017 and (Kokkos) 1017
Histogram ( 65 ) (CORRECT) = 1020 and (Kokkos) 1020
Histogram ( 66 ) (CORRECT) = 992 and (Kokkos) 992
Histogram ( 67 ) (CORRECT) = 986 and (Kokkos) 986
Histogram ( 68 ) (CORRECT) = 994 and (Kokkos) 994
Histogram ( 69 ) (CORRECT) = 981 and (Kokkos) 981
Histogram ( 70 ) (CORRECT) = 985 and (Kokkos) 985
Histogram ( 71 ) (CORRECT) = 978 and (Kokkos) 978
Histogram ( 72 ) (CORRECT) = 1020 and (Kokkos) 1020
Histogram ( 73 ) (CORRECT) = 953 and (Kokkos) 953
Histogram ( 74 ) (CORRECT) = 976 and (Kokkos) 976
Histogram ( 75 ) (CORRECT) = 998 and (Kokkos) 998
Histogram ( 76 ) (CORRECT) = 968 and (Kokkos) 968
Histogram ( 77 ) (CORRECT) = 1036 and (Kokkos) 1036
Histogram ( 78 ) (CORRECT) = 994 and (Kokkos) 994
Histogram ( 79 ) (CORRECT) = 979 and (Kokkos) 979
Histogram ( 80 ) (CORRECT) = 988 and (Kokkos) 988
Histogram ( 81 ) (CORRECT) = 973 and (Kokkos) 973
Histogram ( 82 ) (CORRECT) = 1006 and (Kokkos) 1006
Histogram ( 83 ) (CORRECT) = 993 and (Kokkos) 993
Histogram ( 84 ) (CORRECT) = 968 and (Kokkos) 968
Histogram ( 85 ) (CORRECT) = 1014 and (Kokkos) 1014
Histogram ( 86 ) (CORRECT) = 982 and (Kokkos) 982
Histogram ( 87 ) (CORRECT) = 1027 and (Kokkos) 1027
Histogram ( 88 ) (CORRECT) = 986 and (Kokkos) 986
Histogram ( 89 ) (CORRECT) = 1037 and (Kokkos) 1037
Histogram ( 90 ) (CORRECT) = 994 and (Kokkos) 994
Histogram ( 91 ) (CORRECT) = 1072 and (Kokkos) 1072
Histogram ( 92 ) (CORRECT) = 1017 and (Kokkos) 1017
Histogram ( 93 ) (CORRECT) = 944 and (Kokkos) 944
Histogram ( 94 ) (CORRECT) = 1053 and (Kokkos) 1053
Histogram ( 95 ) (CORRECT) = 972 and (Kokkos) 972
Histogram ( 96 ) (CORRECT) = 983 and (Kokkos) 983
Histogram ( 97 ) (CORRECT) = 972 and (Kokkos) 972
Histogram ( 98 ) (CORRECT) = 959 and (Kokkos) 959
Histogram ( 99 ) (CORRECT) = 1029 and (Kokkos) 1029
