Kokkos::OpenMP::initialize WARNING: OMP_PROC_BIND environment variable not set
  In general, for best performance with OpenMP 4.0 or better set OMP_PROC_BIND=spread and OMP_PLACES=threads
  For best performance with OpenMP 3.1 set OMP_PROC_BIND=true
  For unit testing set OMP_PROC_BIND=false
Samples 10000
Histogram ( 0 ) (CORRECT) = 97 and (Kokkos) 97
Histogram ( 1 ) (CORRECT) = 94 and (Kokkos) 94
Histogram ( 2 ) (CORRECT) = 102 and (Kokkos) 102
Histogram ( 3 ) (CORRECT) = 93 and (Kokkos) 93
Histogram ( 4 ) (CORRECT) = 107 and (Kokkos) 107
Histogram ( 5 ) (CORRECT) = 109 and (Kokkos) 109
Histogram ( 6 ) (CORRECT) = 98 and (Kokkos) 98
Histogram ( 7 ) (CORRECT) = 90 and (Kokkos) 90
Histogram ( 8 ) (CORRECT) = 114 and (Kokkos) 114
Histogram ( 9 ) (CORRECT) = 106 and (Kokkos) 106
Histogram ( 10 ) (CORRECT) = 102 and (Kokkos) 102
Histogram ( 11 ) (CORRECT) = 89 and (Kokkos) 89
Histogram ( 12 ) (CORRECT) = 98 and (Kokkos) 98
Histogram ( 13 ) (CORRECT) = 94 and (Kokkos) 94
Histogram ( 14 ) (CORRECT) = 117 and (Kokkos) 117
Histogram ( 15 ) (CORRECT) = 95 and (Kokkos) 95
Histogram ( 16 ) (CORRECT) = 105 and (Kokkos) 105
Histogram ( 17 ) (CORRECT) = 110 and (Kokkos) 110
Histogram ( 18 ) (CORRECT) = 107 and (Kokkos) 107
Histogram ( 19 ) (CORRECT) = 91 and (Kokkos) 91
Histogram ( 20 ) (CORRECT) = 85 and (Kokkos) 85
Histogram ( 21 ) (CORRECT) = 101 and (Kokkos) 101
Histogram ( 22 ) (CORRECT) = 110 and (Kokkos) 110
Histogram ( 23 ) (CORRECT) = 78 and (Kokkos) 78
Histogram ( 24 ) (CORRECT) = 110 and (Kokkos) 110
Histogram ( 25 ) (CORRECT) = 110 and (Kokkos) 110
Histogram ( 26 ) (CORRECT) = 90 and (Kokkos) 90
Histogram ( 27 ) (CORRECT) = 88 and (Kokkos) 88
Histogram ( 28 ) (CORRECT) = 98 and (Kokkos) 98
Histogram ( 29 ) (CORRECT) = 96 and (Kokkos) 96
Histogram ( 30 ) (CORRECT) = 102 and (Kokkos) 102
Histogram ( 31 ) (CORRECT) = 84 and (Kokkos) 84
Histogram ( 32 ) (CORRECT) = 100 and (Kokkos) 100
Histogram ( 33 ) (CORRECT) = 91 and (Kokkos) 91
Histogram ( 34 ) (CORRECT) = 84 and (Kokkos) 84
Histogram ( 35 ) (CORRECT) = 111 and (Kokkos) 111
Histogram ( 36 ) (CORRECT) = 113 and (Kokkos) 113
Histogram ( 37 ) (CORRECT) = 100 and (Kokkos) 100
Histogram ( 38 ) (CORRECT) = 110 and (Kokkos) 110
Histogram ( 39 ) (CORRECT) = 107 and (Kokkos) 107
Histogram ( 40 ) (CORRECT) = 99 and (Kokkos) 99
Histogram ( 41 ) (CORRECT) = 108 and (Kokkos) 108
Histogram ( 42 ) (CORRECT) = 106 and (Kokkos) 106
Histogram ( 43 ) (CORRECT) = 116 and (Kokkos) 116
Histogram ( 44 ) (CORRECT) = 95 and (Kokkos) 95
Histogram ( 45 ) (CORRECT) = 90 and (Kokkos) 90
Histogram ( 46 ) (CORRECT) = 111 and (Kokkos) 111
Histogram ( 47 ) (CORRECT) = 103 and (Kokkos) 103
Histogram ( 48 ) (CORRECT) = 103 and (Kokkos) 103
Histogram ( 49 ) (CORRECT) = 94 and (Kokkos) 94
Histogram ( 50 ) (CORRECT) = 98 and (Kokkos) 98
Histogram ( 51 ) (CORRECT) = 124 and (Kokkos) 124
Histogram ( 52 ) (CORRECT) = 109 and (Kokkos) 109
Histogram ( 53 ) (CORRECT) = 81 and (Kokkos) 81
Histogram ( 54 ) (CORRECT) = 92 and (Kokkos) 92
Histogram ( 55 ) (CORRECT) = 94 and (Kokkos) 94
Histogram ( 56 ) (CORRECT) = 104 and (Kokkos) 104
Histogram ( 57 ) (CORRECT) = 101 and (Kokkos) 101
Histogram ( 58 ) (CORRECT) = 90 and (Kokkos) 90
Histogram ( 59 ) (CORRECT) = 105 and (Kokkos) 105
Histogram ( 60 ) (CORRECT) = 101 and (Kokkos) 101
Histogram ( 61 ) (CORRECT) = 96 and (Kokkos) 96
Histogram ( 62 ) (CORRECT) = 102 and (Kokkos) 102
Histogram ( 63 ) (CORRECT) = 101 and (Kokkos) 101
Histogram ( 64 ) (CORRECT) = 94 and (Kokkos) 94
Histogram ( 65 ) (CORRECT) = 92 and (Kokkos) 92
Histogram ( 66 ) (CORRECT) = 100 and (Kokkos) 100
Histogram ( 67 ) (CORRECT) = 90 and (Kokkos) 90
Histogram ( 68 ) (CORRECT) = 94 and (Kokkos) 94
Histogram ( 69 ) (CORRECT) = 83 and (Kokkos) 83
Histogram ( 70 ) (CORRECT) = 106 and (Kokkos) 106
Histogram ( 71 ) (CORRECT) = 103 and (Kokkos) 103
Histogram ( 72 ) (CORRECT) = 105 and (Kokkos) 105
Histogram ( 73 ) (CORRECT) = 102 and (Kokkos) 102
Histogram ( 74 ) (CORRECT) = 106 and (Kokkos) 106
Histogram ( 75 ) (CORRECT) = 95 and (Kokkos) 95
Histogram ( 76 ) (CORRECT) = 93 and (Kokkos) 93
Histogram ( 77 ) (CORRECT) = 90 and (Kokkos) 90
Histogram ( 78 ) (CORRECT) = 94 and (Kokkos) 94
Histogram ( 79 ) (CORRECT) = 95 and (Kokkos) 95
Histogram ( 80 ) (CORRECT) = 119 and (Kokkos) 119
Histogram ( 81 ) (CORRECT) = 117 and (Kokkos) 117
Histogram ( 82 ) (CORRECT) = 126 and (Kokkos) 126
Histogram ( 83 ) (CORRECT) = 98 and (Kokkos) 98
Histogram ( 84 ) (CORRECT) = 106 and (Kokkos) 106
Histogram ( 85 ) (CORRECT) = 114 and (Kokkos) 114
Histogram ( 86 ) (CORRECT) = 87 and (Kokkos) 87
Histogram ( 87 ) (CORRECT) = 102 and (Kokkos) 102
Histogram ( 88 ) (CORRECT) = 97 and (Kokkos) 97
Histogram ( 89 ) (CORRECT) = 93 and (Kokkos) 93
Histogram ( 90 ) (CORRECT) = 100 and (Kokkos) 100
Histogram ( 91 ) (CORRECT) = 100 and (Kokkos) 100
Histogram ( 92 ) (CORRECT) = 105 and (Kokkos) 105
Histogram ( 93 ) (CORRECT) = 97 and (Kokkos) 97
Histogram ( 94 ) (CORRECT) = 79 and (Kokkos) 79
Histogram ( 95 ) (CORRECT) = 110 and (Kokkos) 110
Histogram ( 96 ) (CORRECT) = 92 and (Kokkos) 92
Histogram ( 97 ) (CORRECT) = 99 and (Kokkos) 99
Histogram ( 98 ) (CORRECT) = 96 and (Kokkos) 96
Histogram ( 99 ) (CORRECT) = 112 and (Kokkos) 112
