Kokkos::OpenMP::initialize WARNING: OMP_PROC_BIND environment variable not set
  In general, for best performance with OpenMP 4.0 or better set OMP_PROC_BIND=spread and OMP_PLACES=threads
  For best performance with OpenMP 3.1 set OMP_PROC_BIND=true
  For unit testing set OMP_PROC_BIND=false
Samples 1000
Histogram ( 0 ) (CORRECT) = 8 and (Kokkos) 8
Histogram ( 1 ) (CORRECT) = 12 and (Kokkos) 12
Histogram ( 2 ) (CORRECT) = 14 and (Kokkos) 14
Histogram ( 3 ) (CORRECT) = 8 and (Kokkos) 8
Histogram ( 4 ) (CORRECT) = 11 and (Kokkos) 11
Histogram ( 5 ) (CORRECT) = 11 and (Kokkos) 11
Histogram ( 6 ) (CORRECT) = 10 and (Kokkos) 10
Histogram ( 7 ) (CORRECT) = 12 and (Kokkos) 12
Histogram ( 8 ) (CORRECT) = 16 and (Kokkos) 16
Histogram ( 9 ) (CORRECT) = 10 and (Kokkos) 10
Histogram ( 10 ) (CORRECT) = 12 and (Kokkos) 12
Histogram ( 11 ) (CORRECT) = 9 and (Kokkos) 9
Histogram ( 12 ) (CORRECT) = 6 and (Kokkos) 6
Histogram ( 13 ) (CORRECT) = 11 and (Kokkos) 11
Histogram ( 14 ) (CORRECT) = 7 and (Kokkos) 7
Histogram ( 15 ) (CORRECT) = 7 and (Kokkos) 7
Histogram ( 16 ) (CORRECT) = 9 and (Kokkos) 9
Histogram ( 17 ) (CORRECT) = 15 and (Kokkos) 15
Histogram ( 18 ) (CORRECT) = 12 and (Kokkos) 12
Histogram ( 19 ) (CORRECT) = 8 and (Kokkos) 8
Histogram ( 20 ) (CORRECT) = 10 and (Kokkos) 10
Histogram ( 21 ) (CORRECT) = 13 and (Kokkos) 13
Histogram ( 22 ) (CORRECT) = 12 and (Kokkos) 12
Histogram ( 23 ) (CORRECT) = 7 and (Kokkos) 7
Histogram ( 24 ) (CORRECT) = 9 and (Kokkos) 9
Histogram ( 25 ) (CORRECT) = 9 and (Kokkos) 9
Histogram ( 26 ) (CORRECT) = 11 and (Kokkos) 11
Histogram ( 27 ) (CORRECT) = 8 and (Kokkos) 8
Histogram ( 28 ) (CORRECT) = 11 and (Kokkos) 11
Histogram ( 29 ) (CORRECT) = 10 and (Kokkos) 10
Histogram ( 30 ) (CORRECT) = 20 and (Kokkos) 20
Histogram ( 31 ) (CORRECT) = 10 and (Kokkos) 10
Histogram ( 32 ) (CORRECT) = 12 and (Kokkos) 12
Histogram ( 33 ) (CORRECT) = 3 and (Kokkos) 3
Histogram ( 34 ) (CORRECT) = 11 and (Kokkos) 11
Histogram ( 35 ) (CORRECT) = 13 and (Kokkos) 13
Histogram ( 36 ) (CORRECT) = 9 and (Kokkos) 9
Histogram ( 37 ) (CORRECT) = 9 and (Kokkos) 9
Histogram ( 38 ) (CORRECT) = 6 and (Kokkos) 6
Histogram ( 39 ) (CORRECT) = 6 and (Kokkos) 6
Histogram ( 40 ) (CORRECT) = 14 and (Kokkos) 14
Histogram ( 41 ) (CORRECT) = 6 and (Kokkos) 6
Histogram ( 42 ) (CORRECT) = 4 and (Kokkos) 4
Histogram ( 43 ) (CORRECT) = 8 and (Kokkos) 8
Histogram ( 44 ) (CORRECT) = 18 and (Kokkos) 18
Histogram ( 45 ) (CORRECT) = 15 and (Kokkos) 15
Histogram ( 46 ) (CORRECT) = 13 and (Kokkos) 13
Histogram ( 47 ) (CORRECT) = 9 and (Kokkos) 9
Histogram ( 48 ) (CORRECT) = 9 and (Kokkos) 9
Histogram ( 49 ) (CORRECT) = 8 and (Kokkos) 8
Histogram ( 50 ) (CORRECT) = 6 and (Kokkos) 6
Histogram ( 51 ) (CORRECT) = 7 and (Kokkos) 7
Histogram ( 52 ) (CORRECT) = 9 and (Kokkos) 9
Histogram ( 53 ) (CORRECT) = 8 and (Kokkos) 8
Histogram ( 54 ) (CORRECT) = 11 and (Kokkos) 11
Histogram ( 55 ) (CORRECT) = 9 and (Kokkos) 9
Histogram ( 56 ) (CORRECT) = 10 and (Kokkos) 10
Histogram ( 57 ) (CORRECT) = 14 and (Kokkos) 14
Histogram ( 58 ) (CORRECT) = 11 and (Kokkos) 11
Histogram ( 59 ) (CORRECT) = 12 and (Kokkos) 12
Histogram ( 60 ) (CORRECT) = 11 and (Kokkos) 11
Histogram ( 61 ) (CORRECT) = 10 and (Kokkos) 10
Histogram ( 62 ) (CORRECT) = 11 and (Kokkos) 11
Histogram ( 63 ) (CORRECT) = 9 and (Kokkos) 9
Histogram ( 64 ) (CORRECT) = 9 and (Kokkos) 9
Histogram ( 65 ) (CORRECT) = 8 and (Kokkos) 8
Histogram ( 66 ) (CORRECT) = 15 and (Kokkos) 15
Histogram ( 67 ) (CORRECT) = 8 and (Kokkos) 8
Histogram ( 68 ) (CORRECT) = 11 and (Kokkos) 11
Histogram ( 69 ) (CORRECT) = 10 and (Kokkos) 10
Histogram ( 70 ) (CORRECT) = 7 and (Kokkos) 7
Histogram ( 71 ) (CORRECT) = 9 and (Kokkos) 9
Histogram ( 72 ) (CORRECT) = 9 and (Kokkos) 9
Histogram ( 73 ) (CORRECT) = 9 and (Kokkos) 9
Histogram ( 74 ) (CORRECT) = 16 and (Kokkos) 16
Histogram ( 75 ) (CORRECT) = 10 and (Kokkos) 10
Histogram ( 76 ) (CORRECT) = 11 and (Kokkos) 11
Histogram ( 77 ) (CORRECT) = 9 and (Kokkos) 9
Histogram ( 78 ) (CORRECT) = 12 and (Kokkos) 12
Histogram ( 79 ) (CORRECT) = 11 and (Kokkos) 11
Histogram ( 80 ) (CORRECT) = 13 and (Kokkos) 13
Histogram ( 81 ) (CORRECT) = 9 and (Kokkos) 9
Histogram ( 82 ) (CORRECT) = 16 and (Kokkos) 16
Histogram ( 83 ) (CORRECT) = 6 and (Kokkos) 6
Histogram ( 84 ) (CORRECT) = 5 and (Kokkos) 5
Histogram ( 85 ) (CORRECT) = 7 and (Kokkos) 7
Histogram ( 86 ) (CORRECT) = 12 and (Kokkos) 12
Histogram ( 87 ) (CORRECT) = 7 and (Kokkos) 7
Histogram ( 88 ) (CORRECT) = 11 and (Kokkos) 11
Histogram ( 89 ) (CORRECT) = 9 and (Kokkos) 9
Histogram ( 90 ) (CORRECT) = 13 and (Kokkos) 13
Histogram ( 91 ) (CORRECT) = 12 and (Kokkos) 12
Histogram ( 92 ) (CORRECT) = 13 and (Kokkos) 13
Histogram ( 93 ) (CORRECT) = 9 and (Kokkos) 9
Histogram ( 94 ) (CORRECT) = 4 and (Kokkos) 4
Histogram ( 95 ) (CORRECT) = 9 and (Kokkos) 9
Histogram ( 96 ) (CORRECT) = 10 and (Kokkos) 10
Histogram ( 97 ) (CORRECT) = 10 and (Kokkos) 10
Histogram ( 98 ) (CORRECT) = 6 and (Kokkos) 6
Histogram ( 99 ) (CORRECT) = 6 and (Kokkos) 6
